<?xml version="1.0" encoding="UTF-8"?>
<!-- Generated by org.testng.reporters.JUnitReportReporter -->
<testsuite skipped="0" hostname="BDC6-DX-J0L5N62" name="PageClass.pomtestng" tests="1" failures="0" timestamp="23 Jul 2019 06:57:41 GMT" time="20.427" errors="0">
  <testcase name="f" time="20.427" classname="PageClass.pomtestng"/>
</testsuite> <!-- PageClass.pomtestng -->
